20230430	23:25:41	01ab33fd-c743-424a-a708-f05e2c4486bd	GET	/dtpasien	undefined
20230430	23:25:53	57868331-e2e3-42d2-8a53-fb61ecc1dcde	GET	/dtpasien/1	undefined
20230430	23:26:40	4773a59e-a4fa-4fa9-ab4b-eb464b9379d4	OPTIONS	/	https://www.google.com
20230430	23:26:40	cfead5b7-5e47-4c4b-b7ea-85acf24bc650	GET	/	https://www.google.com
20230430	23:27:23	de8ac8de-fc5a-4ff6-b6c3-5e2ceb6695f0	OPTIONS	/	https://www.google.com
20230430	23:27:23	46b50f5d-6d6a-4153-b8e9-6879b6e8c8a4	GET	/	https://www.google.com
20230430	23:27:33	9fea3ede-c5c8-4919-a22e-ab73d1a4e687	OPTIONS	/	https://www.google.com
20230430	23:27:33	e88feec2-ce70-4210-863d-e43b8c24c1f3	GET	/	https://www.google.com
20230501	01:43:56	23f46ce3-1dbf-4145-b078-17bdc0f2f2bb	GET	/	undefined
20230501	01:43:56	4db60306-1f55-480a-b9cb-160e291a0aa4	GET	/favicon.ico	undefined
20230501	01:44:07	7f4f4271-4eab-49d7-81e2-28c69a9cce80	GET	/dtpasien	undefined
20230501	01:50:00	c86b1e9f-7cb7-4f30-9d6f-90ef7d1305d0	GET	/dtpasien	undefined
20230501	01:50:30	a5daca5a-6655-47a4-b4ba-4d147ae26405	GET	/dtpasien	undefined
20230501	04:19:14	4cd06093-9f91-493d-9c79-987df579038b	GET	/dtpasien	undefined
20230501	04:19:49	30b65e82-9378-48d1-a630-11ea802b1669	GET	/dtpasien	undefined
20230501	04:19:56	5d056268-b878-406e-b5da-a08d1cde5b20	GET	/dtpasien	undefined
20230501	04:22:34	b4a98135-2503-4078-9cf0-7456dbdd8637	GET	/dtpasien	undefined
20230501	04:24:06	f3209efa-053c-46f6-a828-4ff6c454da95	GET	/dtpasien	undefined
20230501	04:30:51	c1596784-7510-4eb8-b9bb-c5bfd1ed38f0	POST	/dtpasien	undefined
20230501	04:31:04	72fe0eb0-3c28-452a-b227-77ee4688489c	POST	/dtpasien	undefined
20230501	04:31:11	9ee8c7a8-2a08-4f49-9332-648c646313ef	GET	/dtpasien	undefined
20230501	04:32:14	1febc253-0482-48aa-97dc-ef103306e218	POST	/dtpasien	undefined
20230501	04:32:24	33c42386-20f0-49f7-b6c5-752c6cb7de51	GET	/dtpasien	undefined
20230501	04:32:42	c9185cf0-f1f2-4b54-bae9-f67b800669ee	POST	/dtpasien	undefined
20230501	04:32:52	50818ade-12f3-463b-a68c-b6ccbbad5e97	GET	/dtpasien	undefined
20230501	04:41:12	f7dbfff4-4eb9-4e94-b27f-ae7e171798a8	GET	/dtpasien/644f40cebb0c40c2f0b9b6e6	undefined
20230501	04:43:00	2dc31436-9bff-48d5-8cf9-3906620142ac	GET	/dtpasien/644f40cebb0c40c2f0b9b6e6	undefined
20230501	04:44:10	9ce1961b-4646-48ca-80c1-b2406f6ae2cd	GET	/dtpasien/644f40cebb0c40c2f0b9b6e6	undefined
20230501	04:44:41	48c6f9fc-acbf-4b07-b57c-39699caa3241	GET	/dtpasien	undefined
20230501	04:44:44	23934832-da87-41ff-b77e-5c57db9e0204	POST	/dtpasien	undefined
20230501	04:44:47	2e1725a7-04d0-45b5-9d7e-ba254efc58de	GET	/dtpasien/644f40cebb0c40c2f0b9b6e6	undefined
20230501	04:49:43	502008a1-47bb-4673-b0e4-9d6b62f9eda6	GET	/dtpasien	undefined
20230501	04:50:04	18fdcb54-8f25-4ba9-a24f-c8208f5204f9	DELETE	/dtpasien/2	undefined
20230501	04:50:25	43ce1c8d-6383-4d0a-92e9-2b02709c005e	DELETE	/dtpasien/2	undefined
20230501	04:51:43	e8389f54-a00b-4d5a-bf70-dc2ce834b4d7	DELETE	/dtpasien/644f43bc558b67aa4e880983	undefined
20230501	04:53:24	13532989-3168-40b1-8d58-d67397a4a50c	DELETE	/dtpasien/6	undefined
20230501	04:53:37	3c97f80a-4f79-44c8-91d9-03343e5b4321	DELETE	/dtpasien/644f43bc558b67aa4e880983	undefined
20230501	04:53:51	b1111286-e405-448e-bb15-c955524be0d9	GET	/dtpasien	undefined
20230501	04:55:24	a05b49a0-75f0-4b9c-8a75-c997363d12d0	DELETE	/dtpasien/6	undefined
20230501	04:55:28	5a67b0e9-d658-4501-b3cf-7ffbfe0bdb22	DELETE	/dtpasien/6	undefined
20230501	04:56:22	b7a4b7ce-ed4e-4a65-82d3-bcfbe9beff95	DELETE	/dtpasien/6	undefined
20230501	04:56:25	7d5eff52-4835-4596-8413-5167ee4ae1f3	DELETE	/dtpasien/6	undefined
20230501	04:56:30	2194288b-c99f-40d8-8e1b-68455802970f	DELETE	/dtpasien/644f43bc558b67aa4e880983	undefined
20230501	04:56:42	e80c9022-eae6-4a04-a054-1d7d59787947	DELETE	/dtpasien/%226%22	undefined
20230501	04:56:52	42294ff0-3d77-441b-8373-eb503510a50f	DELETE	/dtpasien/6	undefined
20230501	04:58:03	822ced34-a77f-42fa-a7a4-ee359ce09e85	DELETE	/dtpasien/6	undefined
20230501	04:58:12	90a050e5-f4de-4bef-9ce8-83139e1ad20e	DELETE	/dtpasien/6	undefined
20230501	04:58:18	55b85308-7963-4fdc-a86f-9a1fd2b69ae3	DELETE	/dtpasien/6	undefined
20230501	04:58:39	a4130bba-6a78-4efc-9db5-a1d03118596f	DELETE	/dtpasien/6	undefined
20230501	04:59:48	bf6b43c2-e13c-433a-a0ec-258e5e19c11b	GET	/dtpasien	undefined
20230501	04:59:59	ca77dc94-645c-4897-a2d9-3d72556799c2	GET	/dtpasien	undefined
20230501	05:00:30	3b59e1d4-b0d0-4957-b351-8ca09d6ba051	PUT	/dtpasien/644f40cebb0c40c2f0b9b6e6	undefined
20230501	05:00:38	0a493bd3-0fff-418b-b573-6c9a2747a93c	GET	/dtpasien	undefined
20230501	05:00:57	bd10af52-6048-474f-8bd1-91054938324e	PUT	/dtpasien/644f4088e54e397cedc511f3	undefined
20230501	05:01:02	3020c2cd-4d08-4a7a-bbc9-78b2095005b4	GET	/dtpasien	undefined
20230501	05:04:29	1dccdb77-e820-4321-b006-3fd06f6e10ec	GET	/dtpasien/aktif	undefined
20230501	05:05:06	018f850d-8b09-4809-8f3f-9ced73b1c57e	POST	/dtpasien	undefined
20230501	05:05:09	d2276d48-1288-4a26-91a8-4e4ee6a5f81b	GET	/dtpasien/aktif	undefined
20230501	05:13:40	f48a7b2c-55ea-4a17-924b-25513a176a9e	GET	/dtpasien?alamat=Semarang	undefined
20230501	05:13:46	a9a5d20f-bcc7-4d57-917e-071bf9a39caa	GET	/dtpasien?alamat=semarang	undefined
20230501	05:14:16	d80a3623-fce3-4f88-84b3-ff486d6e5d73	GET	/dtpasien?alamat=semarang	undefined
20230501	05:14:22	7126fdb8-31f4-4228-9ee6-d88d186b6b45	GET	/dtpasien?alamat=Semarang	undefined
20230501	05:18:20	90f636e7-0299-4258-8079-678a607bbbd0	GET	/dtpasien	undefined
20230501	08:44:13	f43bac40-1067-42ca-acd1-0a0334f79ebd	GET	/	undefined
20230501	08:44:18	58009398-48d8-4c79-8964-f97191facb30	GET	/dtpasien	undefined
20230501	08:44:42	83cdbaad-36b2-478d-ab39-c029f8b88e4b	GET	/dtpasien	undefined
20230501	08:58:16	b8314e09-2d71-4959-8c93-106ba6553a1d	GET	/dtpasien	undefined
20230501	09:00:44	bb621e2b-b757-46da-b511-820e10f44890	GET	/	undefined
20230501	09:00:47	4da5d252-34e8-460c-b76f-0d444b0e9e8b	GET	/dtpasien	undefined
20230501	09:02:08	9a9a510e-0126-4116-853a-9383d8243899	GET	/	undefined
20230501	09:02:10	e7f0223a-4c3d-4da5-b0bf-9e1d820d4db5	GET	/dtpasien	undefined
20230501	09:04:10	514b744d-925a-4b35-89e6-82adbbb1a0f0	GET	/dtpasien	undefined
20230501	09:05:53	c3d14eb0-1886-4282-8283-c8378f5ac729	GET	/	undefined
20230501	09:05:56	824001c4-ad30-46ab-8b86-2a0fc3cd6128	GET	/dtpasien	undefined
20230501	09:07:54	42b83ed3-db9b-4ac6-b250-c48d52550b49	GET	/dtpasien	undefined
20230501	17:11:04	dac00e2b-8a95-4323-8425-34732dc58e12	GET	/	undefined
20230501	17:11:08	8aae192f-96f3-49a1-b48b-d57a8494719f	GET	/dtpasien	undefined
20230501	17:19:02	ad129d83-32a6-45cd-9468-557b4fdd03b8	GET	/coba	undefined
20230501	17:19:55	595ae89a-d202-452e-991e-c85ffa49097c	GET	/coba	undefined
20230501	17:20:53	20fe8c82-eecf-4bcc-bf8d-5498d4568b73	GET	/coba	undefined
20230501	17:20:54	d880c529-e116-42b7-8a28-5a363953c12a	GET	/coba	undefined
20230501	17:20:54	188523ee-af96-4d89-99a5-a4b3eabcb9e6	GET	/coba	undefined
20230501	17:20:54	5a782bfb-eec2-47b6-a3de-e84586bd4537	GET	/coba	undefined
20230501	17:20:55	548d6c43-bce0-41fb-9511-e070d12fbd61	GET	/coba	undefined
20230501	17:20:55	1b5bdba0-1a2e-4638-a5e0-ba2c497b26df	GET	/coba	undefined
20230501	17:20:55	649ca375-3700-49eb-af5d-0bf484387058	GET	/coba	undefined
20230501	17:20:55	3792ced5-e23f-479b-b0b5-91de5d812e40	GET	/coba	undefined
20230501	17:20:55	7132f556-9584-4f45-a965-d015ab915eda	GET	/coba	undefined
20230501	17:20:56	5eaa53f5-7977-4cb2-9597-13cde18bfe21	GET	/coba	undefined
20230501	17:25:57	6c122315-6507-44f3-b5e3-0e1fcac2d733	GET	/coba	undefined
20230501	17:26:00	051410ed-653d-43b7-833a-6dd653548c08	GET	/	undefined
20230501	17:26:02	0f73134b-f339-4402-bfd5-94521507bb9b	GET	/dtpasien	undefined
20230501	17:27:31	b79be77d-9f28-48f0-bdec-8c092ce0cac4	GET	/dtpasien	undefined
20230501	18:10:07	a2f0be51-9b47-48e4-9fd0-3da0233cfdc3	GET	/dtpasien	undefined
20230501	18:10:58	cb69c6cf-d8d4-468b-831c-b90e2099b12b	GET	/dtpasien	undefined
20230501	18:11:25	153b4faf-256e-457a-ad90-e1ea32a5ff23	GET	/dtpasien	undefined
20230501	18:12:54	a5b5b0e4-c79a-4d27-8146-766299b1ca74	GET	/dtpasien	undefined
20230501	18:13:49	769dd783-17bc-42f0-989a-67c60d0e2d0f	GET	/dtpasien	undefined
20230501	18:15:06	7dd719ff-7aae-4ebf-8ad4-1d709d7cd0c1	GET	/dtpasien	undefined
20230501	18:15:59	d2b911fa-b654-4709-beeb-f78b9cff6969	GET	/dtpasien	undefined
20230501	18:16:04	d271f718-2394-4519-9145-7a97f77a8f6b	GET	/	undefined
20230501	18:16:08	e69c9dca-939f-43a9-9253-bcc1e8b51ba3	GET	/dtpasien	undefined
20230501	18:16:18	bcd1a8ab-8a7a-463e-ab38-a4505d6bca48	GET	/	undefined
20230501	18:16:20	489736d6-cf2f-4029-9b34-4eca8e1d2f1e	GET	/dtpasien	undefined
20230501	18:18:11	48a42a95-e207-42c1-a41a-174c6b357a0f	GET	/dtpasien	undefined
20230501	18:18:49	4106c2cf-caef-45d2-9737-88a44cb06e5b	GET	/dtpasien	undefined
20230501	18:21:13	28ec9fd5-dad7-4c71-afcd-308c88844ef4	GET	/dtpasien	undefined
20230501	18:22:11	2d142fb7-7efd-4334-9b12-814e552d0074	GET	/coba	undefined
20230501	18:22:39	d8b59794-20e9-4cfc-aef0-4d0dad2932db	GET	/dtpasien	undefined
20230501	18:29:06	9103aaaf-de9e-4ba3-b7f3-e7fc6122b224	GET	/dtpasien	undefined
20230501	18:29:43	2a956ca5-908e-40b2-9eee-ecb6bbd52ace	GET	/dtpasien	undefined
20230501	18:29:46	24dd622c-117e-447a-8b46-e6ec2398adde	GET	/dtpasien	undefined
20230501	18:29:52	1d74cfe3-a87a-46a7-8d0e-6f4937ce6f1f	GET	/dtpasien	undefined
20230501	18:29:57	6779b3d5-a46b-4766-865e-5eaa66c7903d	GET	/	undefined
20230501	18:29:59	39b5dc0f-493e-4b0f-8d7a-cfb96c77d63a	GET	/dtpasien	undefined
20230501	18:31:16	d0c2b802-4318-48f9-9fb2-a9db7fe3f4be	GET	/dtpasien	undefined
20230501	18:31:58	5db0b691-8f52-4f25-ae2d-b74f6684e2b1	GET	/dtpasien	undefined
20230501	18:32:02	0821e5cb-f847-498e-8078-b2b7fc2105c7	GET	/	undefined
20230501	18:32:03	9a2a5c83-66b9-4b7e-a744-d0f4437b7810	GET	/dtpasien	undefined
20230501	18:32:53	f7564f6c-d79f-447b-b516-48037416e257	GET	/dtpasien	undefined
20230501	18:33:36	2aab10be-ab2d-442e-a1c3-cbbd69f2bfc8	GET	/dtpasien	undefined
20230501	18:34:47	6b836600-68d7-45c4-b3f9-7849ba28b3d8	GET	/dtpasien	undefined
20230501	18:50:59	a89217c0-3813-4e64-a0fe-66e968b9e5cb	GET	/	undefined
20230501	18:58:26	2b02441f-521c-42c2-a422-eb93ccfecb7e	GET	/	undefined
20230501	18:58:29	7abca800-7840-4f3b-b3de-9d17b24d71c6	GET	/dtpasien	undefined
20230501	18:59:08	c77e2ed3-33e1-4670-9a43-ae9b1da8c507	GET	/dtpasien	undefined
20230501	19:00:06	14ce43ab-faf3-4c29-8ed6-11bcfd4144b7	GET	/	undefined
20230501	19:00:09	e94b91f8-4e1c-4848-b618-fc4d293e455a	GET	/dtpasien	undefined
20230501	19:00:15	b952eb6a-c517-4f1e-9fd7-6face520c269	GET	/dtpasien	undefined
20230501	19:00:57	cb27118a-f74a-48cf-a669-4ea8609b1e60	GET	/coba	undefined
20230501	19:01:02	60659fd9-3893-47fa-89e6-e5cfef831824	GET	/dtpasien	undefined
20230501	19:01:20	fdd31729-3887-4912-82d9-63f057aced1a	GET	/dtpasien	undefined
20230501	19:01:42	2ab40b9e-1fee-48c8-985a-68fcb08f4a3c	GET	/	undefined
20230501	19:01:45	7fcbd2e2-e011-4165-848e-618ec5d084b8	GET	/dtpasien	undefined
